Arguments: 
  /home/gitpod/.nvm/versions/node/v10.15.3/bin/node /home/gitpod/.nvm/versions/node/v10.15.3/bin/yarn add --dev @dword-design/base-sass

PATH: 
  /home/gitpod/.pyenv/plugins/pyenv-virtualenv/shims:/home/gitpod/.pyenv/shims:/workspace/.cargo/bin:/workspace/.pip-modules/bin:/workspace/.rvm/bin:/home/gitpod/.cargo/bin:/home/gitpod/.rvm/gems/ruby-2.6.3/bin:/home/gitpod/.rvm/gems/ruby-2.6.3@global/bin:/home/gitpod/.rvm/rubies/ruby-2.6.3/bin:/home/gitpod/.sdkman/candidates/maven/current/bin:/home/gitpod/.sdkman/candidates/java/current/bin:/home/gitpod/.sdkman/candidates/gradle/current/bin:/home/gitpod/.pyenv/bin:/home/gitpod/.pyenv/shims:/home/gitpod/.nvm/versions/node/v10.15.3/bin:/workspace/go/bin:/home/gitpod/go/bin:/home/gitpod/go-packages/bin:/usr/local/sbin:/usr/local/bin:/usr/sbin:/usr/bin:/sbin:/bin:/home/linuxbrew/.linuxbrew/bin:/home/linuxbrew/.linuxbrew/sbin/:/home/gitpod/.rvm/bin:/home/gitpod/.rvm/bin

Yarn version: 
  1.17.3

Node version: 
  10.15.3

Platform: 
  linux x64

Trace: 
  Error: https://registry.yarnpkg.com/@dword-design%2fbase-sass: Not found
      at Request.params.callback [as _callback] (/home/gitpod/.nvm/versions/node/v10.15.3/lib/node_modules/yarn/lib/cli.js:66830:18)
      at Request.self.callback (/home/gitpod/.nvm/versions/node/v10.15.3/lib/node_modules/yarn/lib/cli.js:140464:22)
      at Request.emit (events.js:189:13)
      at Request.<anonymous> (/home/gitpod/.nvm/versions/node/v10.15.3/lib/node_modules/yarn/lib/cli.js:141436:10)
      at Request.emit (events.js:189:13)
      at IncomingMessage.<anonymous> (/home/gitpod/.nvm/versions/node/v10.15.3/lib/node_modules/yarn/lib/cli.js:141358:12)
      at Object.onceWrapper (events.js:277:13)
      at IncomingMessage.emit (events.js:194:15)
      at endReadableNT (_stream_readable.js:1125:12)
      at process._tickCallback (internal/process/next_tick.js:63:19)

npm manifest: 
  {
    "name": "@dword-design/reset-sass",
    "version": "0.1.4",
    "main": "src/index.scss",
    "license": "MIT",
    "devDependencies": {},
    "dependencies": {
      "reset-css": "^4.0.1"
    }
  }

yarn manifest: 
  No manifest

Lockfile: 
  # THIS IS AN AUTOGENERATED FILE. DO NOT EDIT THIS FILE DIRECTLY.
  # yarn lockfile v1
  
  
  reset-css@^4.0.1:
    version "4.0.1"
    resolved "https://registry.yarnpkg.com/reset-css/-/reset-css-4.0.1.tgz#1f8456a8be478bc435ce9775b7878ec82cca6b05"
    integrity sha512-aQFi5IxXVegVTfz0hOmXsPSmc8tlPDQOkfatHfPu3Cm6id7UXM4OzXfsaUWJEgV2yrCngsagpIb3wHXPjKAx+Q==
